# JRE version: OpenJDK Runtime Environment (8.0_242-b01) (build 1.8.0_242-release-1644-b01)
# Java VM: OpenJDK 64-Bit Server VM (25.242-b01 mixed mode windows-amd64 compressed oops)
Heap:
 PSYoungGen      total 488448K, used 55870K [0x00000000d5580000, 0x00000000ffd00000, 0x0000000100000000)
  eden space 295936K, 7% used [0x00000000d5580000,0x00000000d6c079f0,0x00000000e7680000)
  from space 192512K, 17% used [0x00000000e7680000,0x00000000e9687f30,0x00000000f3280000)
  to   space 191488K, 0% used [0x00000000f4200000,0x00000000f4200000,0x00000000ffd00000)
 ParOldGen       total 490496K, used 330333K [0x0000000080000000, 0x000000009df00000, 0x00000000d5580000)
  object space 490496K, 67% used [0x0000000080000000,0x0000000094297458,0x000000009df00000)
 Metaspace       used 352934K, capacity 366694K, committed 368044K, reserved 1372160K
  class space    used 41936K, capacity 44456K, committed 44532K, reserved 1048576K
GC Heap History (10 events):
Event: 11499.687 GC heap before
{Heap before GC invocations=151 (full 8):
 PSYoungGen      total 481280K, used 402600K [0x00000000d5580000, 0x0000000100000000, 0x0000000100000000)
  eden space 272896K, 100% used [0x00000000d5580000,0x00000000e6000000,0x00000000e6000000)
  from space 208384K, 62% used [0x00000000f3480000,0x00000000fb32a140,0x0000000100000000)
  to   space 212992K, 0% used [0x00000000e6000000,0x00000000e6000000,0x00000000f3000000)
 ParOldGen       total 490496K, used 233224K [0x0000000080000000, 0x000000009df00000, 0x00000000d5580000)
  object space 490496K, 47% used [0x0000000080000000,0x000000008e3c2228,0x000000009df00000)
 Metaspace       used 344567K, capacity 358130K, committed 363436K, reserved 1368064K
  class space    used 40966K, capacity 43454K, committed 44532K, reserved 1048576K
Event: 11499.811 GC heap after
Heap after GC invocations=151 (full 8):
 PSYoungGen      total 485888K, used 117594K [0x00000000d5580000, 0x0000000100000000, 0x0000000100000000)
  eden space 272896K, 0% used [0x00000000d5580000,0x00000000d5580000,0x00000000e6000000)
  from space 212992K, 55% used [0x00000000e6000000,0x00000000ed2d6a48,0x00000000f3000000)
  to   space 211456K, 0% used [0x00000000f3180000,0x00000000f3180000,0x0000000100000000)
 ParOldGen       total 490496K, used 234983K [0x0000000080000000, 0x000000009df00000, 0x00000000d5580000)
  object space 490496K, 47% used [0x0000000080000000,0x000000008e579db0,0x000000009df00000)
 Metaspace       used 344567K, capacity 358130K, committed 363436K, reserved 1368064K
  class space    used 40966K, capacity 43454K, committed 44532K, reserved 1048576K
}
Event: 11503.770 GC heap before
{Heap before GC invocations=152 (full 8):
 PSYoungGen      total 485888K, used 390490K [0x00000000d5580000, 0x0000000100000000, 0x0000000100000000)
  eden space 272896K, 100% used [0x00000000d5580000,0x00000000e6000000,0x00000000e6000000)
  from space 212992K, 55% used [0x00000000e6000000,0x00000000ed2d6a48,0x00000000f3000000)
  to   space 211456K, 0% used [0x00000000f3180000,0x00000000f3180000,0x0000000100000000)
 ParOldGen       total 490496K, used 234983K [0x0000000080000000, 0x000000009df00000, 0x00000000d5580000)
  object space 490496K, 47% used [0x0000000080000000,0x000000008e579db0,0x000000009df00000)
 Metaspace       used 344590K, capacity 358130K, committed 363436K, reserved 1368064K
  class space    used 40966K, capacity 43454K, committed 44532K, reserved 1048576K
Event: 11503.862 GC heap after
Heap after GC invocations=152 (full 8):
 PSYoungGen      total 474112K, used 109959K [0x00000000d5580000, 0x00000000ff480000, 0x0000000100000000)
  eden space 274432K, 0% used [0x00000000d5580000,0x00000000d5580000,0x00000000e6180000)
  from space 199680K, 55% used [0x00000000f3180000,0x00000000f9ce1d10,0x00000000ff480000)
  to   space 206336K, 0% used [0x00000000e6180000,0x00000000e6180000,0x00000000f2b00000)
 ParOldGen       total 490496K, used 235111K [0x0000000080000000, 0x000000009df00000, 0x00000000d5580000)
  object space 490496K, 47% used [0x0000000080000000,0x000000008e599dc0,0x000000009df00000)
 Metaspace       used 344590K, capacity 358130K, committed 363436K, reserved 1368064K
  class space    used 40966K, capacity 43454K, committed 44532K, reserved 1048576K
}
Event: 11507.732 GC heap before
{Heap before GC invocations=153 (full 8):
 PSYoungGen      total 474112K, used 384391K [0x00000000d5580000, 0x00000000ff480000, 0x0000000100000000)
  eden space 274432K, 100% used [0x00000000d5580000,0x00000000e6180000,0x00000000e6180000)
  from space 199680K, 55% used [0x00000000f3180000,0x00000000f9ce1d10,0x00000000ff480000)
  to   space 206336K, 0% used [0x00000000e6180000,0x00000000e6180000,0x00000000f2b00000)
 ParOldGen       total 490496K, used 235111K [0x0000000080000000, 0x000000009df00000, 0x00000000d5580000)
  object space 490496K, 47% used [0x0000000080000000,0x000000008e599dc0,0x000000009df00000)
 Metaspace       used 347988K, capacity 361580K, committed 363692K, reserved 1368064K
  class space    used 41251K, capacity 43751K, committed 44532K, reserved 1048576K
Event: 11508.081 GC heap after
Heap after GC invocations=153 (full 8):
 PSYoungGen      total 480768K, used 88592K [0x00000000d5580000, 0x00000000ff180000, 0x0000000100000000)
  eden space 274432K, 0% used [0x00000000d5580000,0x00000000d5580000,0x00000000e6180000)
  from space 206336K, 42% used [0x00000000e6180000,0x00000000eb804130,0x00000000f2b00000)
  to   space 195584K, 0% used [0x00000000f3280000,0x00000000f3280000,0x00000000ff180000)
 ParOldGen       total 490496K, used 300559K [0x0000000080000000, 0x000000009df00000, 0x00000000d5580000)
  object space 490496K, 61% used [0x0000000080000000,0x0000000092583eb8,0x000000009df00000)
 Metaspace       used 347988K, capacity 361580K, committed 363692K, reserved 1368064K
  class space    used 41251K, capacity 43751K, committed 44532K, reserved 1048576K
}
Event: 11509.403 GC heap before
{Heap before GC invocations=154 (full 8):
 PSYoungGen      total 480768K, used 363024K [0x00000000d5580000, 0x00000000ff180000, 0x0000000100000000)
  eden space 274432K, 100% used [0x00000000d5580000,0x00000000e6180000,0x00000000e6180000)
  from space 206336K, 42% used [0x00000000e6180000,0x00000000eb804130,0x00000000f2b00000)
  to   space 195584K, 0% used [0x00000000f3280000,0x00000000f3280000,0x00000000ff180000)
 ParOldGen       total 490496K, used 300559K [0x0000000080000000, 0x000000009df00000, 0x00000000d5580000)
  object space 490496K, 61% used [0x0000000080000000,0x0000000092583eb8,0x000000009df00000)
 Metaspace       used 352904K, capacity 366542K, committed 368044K, reserved 1372160K
  class space    used 41933K, capacity 44452K, committed 44532K, reserved 1048576K
Event: 11509.576 GC heap after
Heap after GC invocations=154 (full 8):
 PSYoungGen      total 489472K, used 50609K [0x00000000d5580000, 0x00000000fef80000, 0x0000000100000000)
  eden space 295936K, 0% used [0x00000000d5580000,0x00000000d5580000,0x00000000e7680000)
  from space 193536K, 26% used [0x00000000f3280000,0x00000000f63ec4e8,0x00000000fef80000)
  to   space 192512K, 0% used [0x00000000e7680000,0x00000000e7680000,0x00000000f3280000)
 ParOldGen       total 490496K, used 330237K [0x0000000080000000, 0x000000009df00000, 0x00000000d5580000)
  object space 490496K, 67% used [0x0000000080000000,0x000000009427f458,0x000000009df00000)
 Metaspace       used 352904K, capacity 366542K, committed 368044K, reserved 1372160K
  class space    used 41933K, capacity 44452K, committed 44532K, reserved 1048576K
}
Event: 11638.101 GC heap before
{Heap before GC invocations=155 (full 8):
 PSYoungGen      total 489472K, used 346528K [0x00000000d5580000, 0x00000000fef80000, 0x0000000100000000)
  eden space 295936K, 99% used [0x00000000d5580000,0x00000000e767bd18,0x00000000e7680000)
  from space 193536K, 26% used [0x00000000f3280000,0x00000000f63ec4e8,0x00000000fef80000)
  to   space 192512K, 0% used [0x00000000e7680000,0x00000000e7680000,0x00000000f3280000)
 ParOldGen       total 490496K, used 330237K [0x0000000080000000, 0x000000009df00000, 0x00000000d5580000)
  object space 490496K, 67% used [0x0000000080000000,0x000000009427f458,0x000000009df00000)
 Metaspace       used 352934K, capacity 366694K, committed 368044K, reserved 1372160K
  class space    used 41936K, capacity 44456K, committed 44532K, reserved 1048576K
Event: 11638.155 GC heap after
Heap after GC invocations=155 (full 8):
 PSYoungGen      total 488448K, used 32799K [0x00000000d5580000, 0x00000000ffd00000, 0x0000000100000000)
  eden space 295936K, 0% used [0x00000000d5580000,0x00000000d5580000,0x00000000e7680000)
  from space 192512K, 17% used [0x00000000e7680000,0x00000000e9687f30,0x00000000f3280000)
  to   space 191488K, 0% used [0x00000000f4200000,0x00000000f4200000,0x00000000ffd00000)
 ParOldGen       total 490496K, used 330333K [0x0000000080000000, 0x000000009df00000, 0x00000000d5580000)
  object space 490496K, 67% used [0x0000000080000000,0x0000000094297458,0x000000009df00000)
 Metaspace       used 352934K, capacity 366694K, committed 368044K, reserved 1372160K
  class space    used 41936K, capacity 44456K, committed 44532K, reserved 1048576K
}

